<?xml version="1.0" encoding="UTF-8"?>
<!-- Generated by org.testng.reporters.JUnitReportReporter -->
<testsuite hostname="DESKTOP-CB3S4U6" failures="0" tests="1" name="practice.organization.PC_002_Organization" time="31.615" errors="0" timestamp="2021-10-10T11:05:35 IST" skipped="0">
  <testcase classname="practice.organization.PC_002_Organization" name="practiceOrganization" time="31.615"/>
  <system-out/>
</testsuite> <!-- practice.organization.PC_002_Organization -->
