<?xml version="1.0" encoding="UTF-8"?>
<!-- Generated by org.testng.reporters.JUnitReportReporter -->
<testsuite hostname="DESKTOP-CB3S4U6" failures="0" tests="1" name="com.organizations.Tc_001_OrganizationTest" time="137.007" errors="0" timestamp="2021-10-09T20:13:55 IST" skipped="0">
  <testcase classname="com.organizations.Tc_001_OrganizationTest" name="TCcreateorganisation" time="137.007"/>
  <system-out/>
</testsuite> <!-- com.organizations.Tc_001_OrganizationTest -->
