<?xml version="1.0" encoding="UTF-8"?>
<!-- Generated by org.testng.reporters.JUnitReportReporter -->
<testsuite hostname="DESKTOP-CB3S4U6" failures="0" tests="1" name="practice.organization.PC_001_Organization" time="38.779" errors="0" timestamp="2021-10-10T10:47:23 IST" skipped="0">
  <testcase classname="practice.organization.PC_001_Organization" name="practiceOrganization" time="38.779"/>
  <system-out/>
</testsuite> <!-- practice.organization.PC_001_Organization -->
