<?xml version="1.0" encoding="UTF-8"?>
<!-- Generated by org.testng.reporters.JUnitReportReporter -->
<testsuite hostname="DESKTOP-CB3S4U6" failures="0" tests="1" name="com.organizations.Tc_002_contact_Test" time="155.373" errors="0" timestamp="2021-10-09T20:49:52 IST" skipped="0">
  <testcase classname="com.organizations.Tc_002_contact_Test" name="CreatecontactTest" time="155.373"/>
  <system-out/>
</testsuite> <!-- com.organizations.Tc_002_contact_Test -->
