<?xml version="1.0" encoding="UTF-8"?>
<!-- Generated by org.testng.reporters.JUnitReportReporter -->
<testsuite hostname="DESKTOP-CB3S4U6" failures="0" tests="1" name="com.organizations.Tc_003_contactSearch_Test" time="85.653" errors="0" timestamp="2021-10-09T22:03:29 IST" skipped="0">
  <testcase classname="com.organizations.Tc_003_contactSearch_Test" name="CreateContactTestWindowHandle" time="85.653"/>
  <system-out/>
</testsuite> <!-- com.organizations.Tc_003_contactSearch_Test -->
