<?xml version="1.0" encoding="UTF-8"?>
<!-- Generated by org.testng.reporters.JUnitReportReporter -->
<testsuite hostname="DESKTOP-CB3S4U6" failures="0" tests="1" name="practice.organization.Pc_004_organization" time="25.970" errors="0" timestamp="2021-10-10T12:16:54 IST" skipped="0">
  <testcase classname="practice.organization.Pc_004_organization" name="practiceOrganization" time="25.970"/>
  <system-out/>
</testsuite> <!-- practice.organization.Pc_004_organization -->
