<?xml version="1.0" encoding="UTF-8"?>
<!-- Generated by org.testng.reporters.JUnitReportReporter -->
<testsuite hostname="DESKTOP-CB3S4U6" failures="0" tests="1" name="practice.organization.Pc_003_organization" time="46.429" errors="0" timestamp="2021-10-10T11:25:58 IST" skipped="0">
  <testcase classname="practice.organization.Pc_003_organization" name="practiceOrganization" time="46.429"/>
  <system-out/>
</testsuite> <!-- practice.organization.Pc_003_organization -->
